#
# There is insufficient memory for the Java Runtime Environment to continue.
# Native memory allocation (malloc) failed to allocate 269376 bytes for Chunk::new
# Possible reasons:
#   The system is out of physical RAM or swap space
#   The process is running with CompressedOops enabled, and the Java Heap may be blocking the growth of the native heap
# Possible solutions:
#   Reduce memory load on the system
#   Increase physical memory or swap space
#   Check if swap backing store is full
#   Decrease Java heap size (-Xmx/-Xms)
#   Decrease number of Java threads
#   Decrease Java thread stack sizes (-Xss)
#   Set larger code cache with -XX:ReservedCodeCacheSize=
#   JVM is running with Unscaled Compressed Oops mode in which the Java heap is
#     placed in the first 4GB address space. The Java Heap base address is the
#     maximum limit for the native heap growth. Please use -XX:HeapBaseMinAddress
#     to set the Java Heap base and to place the Java Heap above 4GB virtual address.
# This output file may be truncated or incomplete.
#
#  Out of Memory Error (arena.cpp:191), pid=23020, tid=19500
#
# JRE version: OpenJDK Runtime Environment Temurin-17.0.9+9 (17.0.9+9) (build 17.0.9+9)
# Java VM: OpenJDK 64-Bit Server VM Temurin-17.0.9+9 (17.0.9+9, mixed mode, tiered, compressed oops, compressed class ptrs, parallel gc, windows-amd64)
# No core dump will be written. Minidumps are not enabled by default on client versions of Windows
#

---------------  S U M M A R Y ------------

Command Line: --add-modules=ALL-SYSTEM --add-opens=java.base/java.util=ALL-UNNAMED --add-opens=java.base/java.lang=ALL-UNNAMED --add-opens=java.base/sun.nio.fs=ALL-UNNAMED -Declipse.application=org.eclipse.jdt.ls.core.id1 -Dosgi.bundles.defaultStartLevel=4 -Declipse.product=org.eclipse.jdt.ls.core.product -Djava.import.generatesMetadataFilesAtProjectRoot=false -DDetectVMInstallationsJob.disabled=true -Dfile.encoding=utf8 -XX:+UseParallelGC -XX:GCTimeRatio=4 -XX:AdaptiveSizePolicyWeight=90 -Dsun.zip.disableMemoryMapping=true -Xmx1G -Xms100m -Xlog:disable -javaagent:c:\Users\somes\.vscode\extensions\redhat.java-1.25.1-win32-x64\lombok\lombok-1.18.30.jar -XX:+HeapDumpOnOutOfMemoryError -XX:HeapDumpPath=c:\Users\somes\AppData\Roaming\Code\User\workspaceStorage\e6bd27114a99af07f61920531480b2fe\redhat.java -Daether.dependencyCollector.impl=bf c:\Users\somes\.vscode\extensions\redhat.java-1.25.1-win32-x64\server\plugins\org.eclipse.equinox.launcher_1.6.600.v20231106-1826.jar -configuration c:\Users\somes\AppData\Roaming\Code\User\globalStorage\redhat.java\1.25.1\config_win -data c:\Users\somes\AppData\Roaming\Code\User\workspaceStorage\e6bd27114a99af07f61920531480b2fe\redhat.java\jdt_ws --stdio

Host: Intel(R) Core(TM) i5-8300H CPU @ 2.30GHz, 8 cores, 15G,  Windows 11 , 64 bit Build 22000 (10.0.22000.2538)
Time: Sat Dec 23 19:36:31 2023 India Standard Time elapsed time: 853.783627 seconds (0d 0h 14m 13s)

---------------  T H R E A D  ---------------

Current thread (0x0000017afeb85fb0):  JavaThread "C2 CompilerThread0" daemon [_thread_in_native, id=19500, stack(0x00000054d0b00000,0x00000054d0c00000)]


Current CompileTask:
C2: 853783 11463       4       org.eclipse.core.internal.preferences.StringPool::add (59 bytes)

Stack: [0x00000054d0b00000,0x00000054d0c00000]
Native frames: (J=compiled Java code, j=interpreted, Vv=VM code, C=native code)
V  [jvm.dll+0x67cf49]
V  [jvm.dll+0x83478a]
V  [jvm.dll+0x83624e]
V  [jvm.dll+0x8368b3]
V  [jvm.dll+0x247f1f]
V  [jvm.dll+0xac43c]
V  [jvm.dll+0xaca8c]
V  [jvm.dll+0x2af45f]
V  [jvm.dll+0x5853f7]
V  [jvm.dll+0x222f62]
V  [jvm.dll+0x21c15e]
V  [jvm.dll+0x2198c1]
V  [jvm.dll+0x1a57cd]
V  [jvm.dll+0x2297ae]
V  [jvm.dll+0x22797c]
V  [jvm.dll+0x7e9877]
V  [jvm.dll+0x7e3c3a]
V  [jvm.dll+0x67be35]
C  [ucrtbase.dll+0x26c0c]
C  [KERNEL32.DLL+0x153e0]
C  [ntdll.dll+0x485b]


---------------  P R O C E S S  ---------------

Threads class SMR info:
_java_thread_list=0x0000017ae9ae5010, length=40, elements={
0x0000017ae9a65d90, 0x0000017ae9b15b90, 0x0000017ae9b16ec0, 0x0000017afeb7a290,
0x0000017afeb7acc0, 0x0000017afeb823f0, 0x0000017afeb83cd0, 0x0000017afeb85fb0,
0x0000017afeb89dc0, 0x0000017afeb8ae70, 0x0000017ae9ac6720, 0x0000017a84087f70,
0x0000017a8479a010, 0x0000017a84b515e0, 0x0000017a84819290, 0x0000017a84e884f0,
0x0000017a84df6f90, 0x0000017a84ffede0, 0x0000017a84ffe8d0, 0x0000017a84fff800,
0x0000017a84ffc050, 0x0000017a84ffc560, 0x0000017a85119130, 0x0000017a8511aa80,
0x0000017a8511dd20, 0x0000017a8511fb80, 0x0000017a8511ec50, 0x0000017a8511d810,
0x0000017a8511b9b0, 0x0000017a85119b50, 0x0000017a8511bec0, 0x0000017a85119640,
0x0000017a8511c3d0, 0x0000017a911829d0, 0x0000017a91185760, 0x0000017a91183900,
0x0000017a91186180, 0x0000017a91187ad0, 0x0000017a91186690, 0x0000017a91181aa0
}

Java Threads: ( => current thread )
  0x0000017ae9a65d90 JavaThread "main" [_thread_blocked, id=6112, stack(0x00000054d0200000,0x00000054d0300000)]
  0x0000017ae9b15b90 JavaThread "Reference Handler" daemon [_thread_blocked, id=20092, stack(0x00000054d0500000,0x00000054d0600000)]
  0x0000017ae9b16ec0 JavaThread "Finalizer" daemon [_thread_blocked, id=13368, stack(0x00000054d0600000,0x00000054d0700000)]
  0x0000017afeb7a290 JavaThread "Signal Dispatcher" daemon [_thread_blocked, id=8372, stack(0x00000054d0700000,0x00000054d0800000)]
  0x0000017afeb7acc0 JavaThread "Attach Listener" daemon [_thread_blocked, id=18384, stack(0x00000054d0800000,0x00000054d0900000)]
  0x0000017afeb823f0 JavaThread "Service Thread" daemon [_thread_blocked, id=10748, stack(0x00000054d0900000,0x00000054d0a00000)]
  0x0000017afeb83cd0 JavaThread "Monitor Deflation Thread" daemon [_thread_blocked, id=25524, stack(0x00000054d0a00000,0x00000054d0b00000)]
=>0x0000017afeb85fb0 JavaThread "C2 CompilerThread0" daemon [_thread_in_native, id=19500, stack(0x00000054d0b00000,0x00000054d0c00000)]
  0x0000017afeb89dc0 JavaThread "C1 CompilerThread0" daemon [_thread_blocked, id=21288, stack(0x00000054d0c00000,0x00000054d0d00000)]
  0x0000017afeb8ae70 JavaThread "Sweeper thread" daemon [_thread_blocked, id=23760, stack(0x00000054d0d00000,0x00000054d0e00000)]
  0x0000017ae9ac6720 JavaThread "Common-Cleaner" daemon [_thread_blocked, id=23604, stack(0x00000054d0e00000,0x00000054d0f00000)]
  0x0000017a84087f70 JavaThread "Notification Thread" daemon [_thread_blocked, id=20528, stack(0x00000054d1100000,0x00000054d1200000)]
  0x0000017a8479a010 JavaThread "Active Thread: Equinox Container: 4a76b1e5-72a5-403b-bf05-96444ddc6e34" [_thread_blocked, id=23092, stack(0x00000054d1900000,0x00000054d1a00000)]
  0x0000017a84b515e0 JavaThread "Framework Event Dispatcher: Equinox Container: 4a76b1e5-72a5-403b-bf05-96444ddc6e34" daemon [_thread_blocked, id=23576, stack(0x00000054d1a00000,0x00000054d1b00000)]
  0x0000017a84819290 JavaThread "Start Level: Equinox Container: 4a76b1e5-72a5-403b-bf05-96444ddc6e34" daemon [_thread_blocked, id=8880, stack(0x00000054d1b00000,0x00000054d1c00000)]
  0x0000017a84e884f0 JavaThread "Bundle File Closer" daemon [_thread_blocked, id=19152, stack(0x00000054d1d00000,0x00000054d1e00000)]
  0x0000017a84df6f90 JavaThread "SCR Component Actor" daemon [_thread_blocked, id=17124, stack(0x00000054d1e00000,0x00000054d1f00000)]
  0x0000017a84ffede0 JavaThread "Worker-JM" [_thread_blocked, id=22416, stack(0x00000054d2000000,0x00000054d2100000)]
  0x0000017a84ffe8d0 JavaThread "Worker-2: Periodic workspace save." [_thread_in_Java, id=24248, stack(0x00000054d2300000,0x00000054d2400000)]
  0x0000017a84fff800 JavaThread "Java indexing" daemon [_thread_blocked, id=12056, stack(0x00000054d2400000,0x00000054d2500000)]
  0x0000017a84ffc050 JavaThread "JNA Cleaner" daemon [_thread_blocked, id=17268, stack(0x00000054d2600000,0x00000054d2700000)]
  0x0000017a84ffc560 JavaThread "pool-2-thread-1" [_thread_blocked, id=22100, stack(0x00000054d2700000,0x00000054d2800000)]
  0x0000017a85119130 JavaThread "WorkspaceEventsHandler" [_thread_blocked, id=22780, stack(0x00000054d2800000,0x00000054d2900000)]
  0x0000017a8511aa80 JavaThread "pool-1-thread-1" [_thread_in_native, id=24628, stack(0x00000054d2900000,0x00000054d2a00000)]
  0x0000017a8511dd20 JavaThread "Worker-4" [_thread_blocked, id=13968, stack(0x00000054d2a00000,0x00000054d2b00000)]
  0x0000017a8511fb80 JavaThread "Timer-0" [_thread_blocked, id=10916, stack(0x00000054d2e00000,0x00000054d2f00000)]
  0x0000017a8511ec50 JavaThread "Timer-1" [_thread_blocked, id=15540, stack(0x00000054d2f00000,0x00000054d3000000)]
  0x0000017a8511d810 JavaThread "Timer-2" [_thread_blocked, id=25332, stack(0x00000054d3100000,0x00000054d3200000)]
  0x0000017a8511b9b0 JavaThread "Timer-3" [_thread_blocked, id=12976, stack(0x00000054d3000000,0x00000054d3100000)]
  0x0000017a85119b50 JavaThread "Timer-4" [_thread_blocked, id=13356, stack(0x00000054d3500000,0x00000054d3600000)]
  0x0000017a8511bec0 JavaThread "Timer-5" [_thread_blocked, id=20404, stack(0x00000054d3200000,0x00000054d3300000)]
  0x0000017a85119640 JavaThread "Timer-6" [_thread_blocked, id=21744, stack(0x00000054d3600000,0x00000054d3700000)]
  0x0000017a8511c3d0 JavaThread "Timer-7" [_thread_blocked, id=23864, stack(0x00000054d3700000,0x00000054d3800000)]
  0x0000017a911829d0 JavaThread "Timer-8" [_thread_blocked, id=4548, stack(0x00000054d1000000,0x00000054d1100000)]
  0x0000017a91185760 JavaThread "Timer-9" [_thread_blocked, id=23304, stack(0x00000054d3c00000,0x00000054d3d00000)]
  0x0000017a91183900 JavaThread "Timer-10" [_thread_blocked, id=23200, stack(0x00000054d3d00000,0x00000054d3e00000)]
  0x0000017a91186180 JavaThread "Timer-11" [_thread_blocked, id=9812, stack(0x00000054d3a00000,0x00000054d3b00000)]
  0x0000017a91187ad0 JavaThread "Timer-12" [_thread_blocked, id=1124, stack(0x00000054d3b00000,0x00000054d3c00000)]
  0x0000017a91186690 JavaThread "Timer-13" [_thread_blocked, id=8784, stack(0x00000054d4200000,0x00000054d4300000)]
  0x0000017a91181aa0 JavaThread "Timer-14" [_thread_blocked, id=20384, stack(0x00000054d0000000,0x00000054d0100000)]

Other Threads:
  0x0000017afd8f98b0 VMThread "VM Thread" [stack: 0x00000054d0400000,0x00000054d0500000] [id=10828]
  0x0000017afee96030 WatcherThread [stack: 0x00000054d1200000,0x00000054d1300000] [id=9572]
  0x0000017ae9a7b0e0 GCTaskThread "GC Thread#0" [stack: 0x00000054d0300000,0x00000054d0400000] [id=3720]
  0x0000017a84654e70 GCTaskThread "GC Thread#1" [stack: 0x00000054d1300000,0x00000054d1400000] [id=17400]
  0x0000017a849812e0 GCTaskThread "GC Thread#2" [stack: 0x00000054d1400000,0x00000054d1500000] [id=12892]
  0x0000017a849815a0 GCTaskThread "GC Thread#3" [stack: 0x00000054d1500000,0x00000054d1600000] [id=22000]
  0x0000017a84981860 GCTaskThread "GC Thread#4" [stack: 0x00000054d1600000,0x00000054d1700000] [id=4496]
  0x0000017a84800080 GCTaskThread "GC Thread#5" [stack: 0x00000054d1700000,0x00000054d1800000] [id=23096]
  0x0000017a84800340 GCTaskThread "GC Thread#6" [stack: 0x00000054d1800000,0x00000054d1900000] [id=23668]
  0x0000017a8420c050 GCTaskThread "GC Thread#7" [stack: 0x00000054d1c00000,0x00000054d1d00000] [id=3712]

Threads with active compile tasks:
C2 CompilerThread0   853828 11463       4       org.eclipse.core.internal.preferences.StringPool::add (59 bytes)

VM state: not at safepoint (normal execution)

VM Mutex/Monitor currently owned by a thread: None

OutOfMemory and StackOverflow Exception counts:
OutOfMemoryError java_heap_errors=1
LinkageErrors=147

Heap address: 0x00000000c0000000, size: 1024 MB, Compressed Oops mode: 32-bit

CDS archive(s) not mapped
Compressed class space mapped at: 0x0000000100000000-0x0000000140000000, reserved size: 1073741824
Narrow klass base: 0x0000000000000000, Narrow klass shift: 3, Narrow klass range: 0x140000000

GC Precious Log:
 CPUs: 8 total, 8 available
 Memory: 16243M
 Large Page Support: Disabled
 NUMA Support: Disabled
 Compressed Oops: Enabled (32-bit)
 Alignments: Space 512K, Generation 512K, Heap 2M
 Heap Min Capacity: 100M
 Heap Initial Capacity: 100M
 Heap Max Capacity: 1G
 Pre-touch: Disabled
 Parallel Workers: 8

Heap:
 PSYoungGen      total 82944K, used 38182K [0x00000000eab00000, 0x00000000f1280000, 0x0000000100000000)
  eden space 61952K, 28% used [0x00000000eab00000,0x00000000ebc46450,0x00000000ee780000)
  from space 20992K, 97% used [0x00000000ee900000,0x00000000efd03408,0x00000000efd80000)
  to   space 21504K, 0% used [0x00000000efd80000,0x00000000efd80000,0x00000000f1280000)
 ParOldGen       total 139264K, used 80159K [0x00000000c0000000, 0x00000000c8800000, 0x00000000eab00000)
  object space 139264K, 57% used [0x00000000c0000000,0x00000000c4e47e08,0x00000000c8800000)
 Metaspace       used 77835K, committed 79104K, reserved 1179648K
  class space    used 9211K, committed 9792K, reserved 1048576K

Card table byte_map: [0x0000017ae9430000,0x0000017ae9640000] _byte_map_base: 0x0000017ae8e30000

Marking Bits: (ParMarkBitMap*) 0x00007ffdb4cad0b0
 Begin Bits: [0x0000017afb700000, 0x0000017afc700000)
 End Bits:   [0x0000017afc700000, 0x0000017afd700000)

Polling page: 0x0000017ae9220000

Metaspace:

Usage:
  Non-class:     67.02 MB used.
      Class:      9.00 MB used.
       Both:     76.01 MB used.

Virtual space:
  Non-class space:      128.00 MB reserved,      67.69 MB ( 53%) committed,  2 nodes.
      Class space:        1.00 GB reserved,       9.56 MB ( <1%) committed,  1 nodes.
             Both:        1.12 GB reserved,      77.25 MB (  7%) committed. 

Chunk freelists:
   Non-Class:  11.89 MB
       Class:  6.36 MB
        Both:  18.25 MB

MaxMetaspaceSize: unlimited
CompressedClassSpaceSize: 1.00 GB
Initial GC threshold: 21.00 MB
Current GC threshold: 128.06 MB
CDS: off
MetaspaceReclaimPolicy: balanced
 - commit_granule_bytes: 65536.
 - commit_granule_words: 8192.
 - virtual_space_node_default_size: 8388608.
 - enlarge_chunks_in_place: 1.
 - new_chunks_are_fully_committed: 0.
 - uncommit_free_chunks: 1.
 - use_allocation_guard: 0.
 - handle_deallocations: 1.


Internal statistics:

num_allocs_failed_limit: 13.
num_arena_births: 866.
num_arena_deaths: 16.
num_vsnodes_births: 3.
num_vsnodes_deaths: 0.
num_space_committed: 1236.
num_space_uncommitted: 0.
num_chunks_returned_to_freelist: 30.
num_chunks_taken_from_freelist: 4150.
num_chunk_merges: 10.
num_chunk_splits: 2553.
num_chunks_enlarged: 1452.
num_inconsistent_stats: 0.

CodeHeap 'non-profiled nmethods': size=120000Kb used=8727Kb max_used=8727Kb free=111273Kb
 bounds [0x0000017af41d0000, 0x0000017af4a60000, 0x0000017afb700000]
CodeHeap 'profiled nmethods': size=120000Kb used=16686Kb max_used=17240Kb free=103313Kb
 bounds [0x0000017aec700000, 0x0000017aed7e0000, 0x0000017af3c30000]
CodeHeap 'non-nmethods': size=5760Kb used=1356Kb max_used=1478Kb free=4404Kb
 bounds [0x0000017af3c30000, 0x0000017af3ea0000, 0x0000017af41d0000]
 total_blobs=9378 nmethods=8676 adapters=614
 compilation: enabled
              stopped_count=0, restarted_count=0
 full_count=0

Compilation events (20 events):
Event: 691.160 Thread 0x0000017afeb85fb0 11458       4       java.util.HashSet::iterator (13 bytes)
Event: 691.164 Thread 0x0000017afeb89dc0 11459       1       org.eclipse.core.internal.content.ContentType::getId (5 bytes)
Event: 691.164 Thread 0x0000017afeb89dc0 nmethod 11459 0x0000017af4a54810 code [0x0000017af4a549a0, 0x0000017af4a54a78]
Event: 691.166 Thread 0x0000017afeb89dc0 11460       3       org.eclipse.jface.text.DefaultLineTracker::nextDelimiterInfo (167 bytes)
Event: 691.168 Thread 0x0000017afeb89dc0 nmethod 11460 0x0000017aecfc4d10 code [0x0000017aecfc4fc0, 0x0000017aecfc5f18]
Event: 691.170 Thread 0x0000017afeb85fb0 nmethod 11458 0x0000017af4a54b10 code [0x0000017af4a54cc0, 0x0000017af4a55298]
Event: 691.324 Thread 0x0000017afeb89dc0 11461       3       org.eclipse.core.internal.dtree.AbstractDataTree::<init> (5 bytes)
Event: 691.324 Thread 0x0000017afeb89dc0 nmethod 11461 0x0000017aece4a890 code [0x0000017aece4aa20, 0x0000017aece4ab78]
Event: 691.325 Thread 0x0000017afeb89dc0 11462       1       org.eclipse.core.internal.dtree.DeltaDataTree::setParent (6 bytes)
Event: 691.325 Thread 0x0000017afeb89dc0 nmethod 11462 0x0000017af4a55610 code [0x0000017af4a557a0, 0x0000017af4a55878]
Event: 853.773 Thread 0x0000017afeb85fb0 11463       4       org.eclipse.core.internal.preferences.StringPool::add (59 bytes)
Event: 853.774 Thread 0x0000017afeb89dc0 11464   !   3       com.sun.org.apache.xerces.internal.parsers.DOMParser::setFeature (127 bytes)
Event: 853.775 Thread 0x0000017afeb89dc0 nmethod 11464 0x0000017aec8fdd10 code [0x0000017aec8fdfa0, 0x0000017aec8feab8]
Event: 853.775 Thread 0x0000017afeb89dc0 11465       3       com.sun.org.apache.xml.internal.serializer.WriterToUTF8Buffered::write (296 bytes)
Event: 853.776 Thread 0x0000017afeb89dc0 nmethod 11465 0x0000017aec769e90 code [0x0000017aec76a080, 0x0000017aec76a6e8]
Event: 853.777 Thread 0x0000017afeb89dc0 11467       3       org.eclipse.jdt.internal.core.JavaModelManager$VariablesAndContainersSaveHelper::savePaths (37 bytes)
Event: 853.778 Thread 0x0000017afeb89dc0 nmethod 11467 0x0000017aeca2da10 code [0x0000017aeca2dc80, 0x0000017aeca2e678]
Event: 853.779 Thread 0x0000017afeb89dc0 11468       3       org.eclipse.jdt.internal.core.ClasspathEntry::getAccessRules (45 bytes)
Event: 853.779 Thread 0x0000017afeb89dc0 nmethod 11468 0x0000017aed1d1e10 code [0x0000017aed1d1fe0, 0x0000017aed1d2418]
Event: 853.779 Thread 0x0000017afeb89dc0 11469       3       org.eclipse.jdt.internal.core.JavaModelManager$VariablesAndContainersSaveHelper::saveClasspathEntry (139 bytes)

GC Heap History (20 events):
Event: 80.905 GC heap before
{Heap before GC invocations=1842 (full 41):
 PSYoungGen      total 104960K, used 104944K [0x00000000eab00000, 0x00000000f4800000, 0x0000000100000000)
  eden space 61440K, 100% used [0x00000000eab00000,0x00000000ee700000,0x00000000ee700000)
  from space 43520K, 99% used [0x00000000eeb00000,0x00000000f157c0e0,0x00000000f1580000)
  to   space 49664K, 0% used [0x00000000f1780000,0x00000000f1780000,0x00000000f4800000)
 ParOldGen       total 346624K, used 283250K [0x00000000c0000000, 0x00000000d5280000, 0x00000000eab00000)
  object space 346624K, 81% used [0x00000000c0000000,0x00000000d149ca18,0x00000000d5280000)
 Metaspace       used 77491K, committed 78720K, reserved 1179648K
  class space    used 9171K, committed 9728K, reserved 1048576K
}
Event: 80.919 GC heap after
{Heap after GC invocations=1842 (full 41):
 PSYoungGen      total 113152K, used 46402K [0x00000000eab00000, 0x00000000f4800000, 0x0000000100000000)
  eden space 63488K, 0% used [0x00000000eab00000,0x00000000eab00000,0x00000000ee900000)
  from space 49664K, 93% used [0x00000000f1780000,0x00000000f44d0ba0,0x00000000f4800000)
  to   space 47616K, 0% used [0x00000000ee900000,0x00000000ee900000,0x00000000f1780000)
 ParOldGen       total 346624K, used 287151K [0x00000000c0000000, 0x00000000d5280000, 0x00000000eab00000)
  object space 346624K, 82% used [0x00000000c0000000,0x00000000d186bd10,0x00000000d5280000)
 Metaspace       used 77491K, committed 78720K, reserved 1179648K
  class space    used 9171K, committed 9728K, reserved 1048576K
}
Event: 81.044 GC heap before
{Heap before GC invocations=1843 (full 41):
 PSYoungGen      total 113152K, used 109890K [0x00000000eab00000, 0x00000000f4800000, 0x0000000100000000)
  eden space 63488K, 100% used [0x00000000eab00000,0x00000000ee900000,0x00000000ee900000)
  from space 49664K, 93% used [0x00000000f1780000,0x00000000f44d0ba0,0x00000000f4800000)
  to   space 47616K, 0% used [0x00000000ee900000,0x00000000ee900000,0x00000000f1780000)
 ParOldGen       total 346624K, used 287151K [0x00000000c0000000, 0x00000000d5280000, 0x00000000eab00000)
  object space 346624K, 82% used [0x00000000c0000000,0x00000000d186bd10,0x00000000d5280000)
 Metaspace       used 77491K, committed 78720K, reserved 1179648K
  class space    used 9171K, committed 9728K, reserved 1048576K
}
Event: 81.058 GC heap after
{Heap after GC invocations=1843 (full 41):
 PSYoungGen      total 111104K, used 47606K [0x00000000eab00000, 0x00000000f5a80000, 0x0000000100000000)
  eden space 63488K, 0% used [0x00000000eab00000,0x00000000eab00000,0x00000000ee900000)
  from space 47616K, 99% used [0x00000000ee900000,0x00000000f177dab0,0x00000000f1780000)
  to   space 55808K, 0% used [0x00000000f2400000,0x00000000f2400000,0x00000000f5a80000)
 ParOldGen       total 346624K, used 293670K [0x00000000c0000000, 0x00000000d5280000, 0x00000000eab00000)
  object space 346624K, 84% used [0x00000000c0000000,0x00000000d1ec9b48,0x00000000d5280000)
 Metaspace       used 77491K, committed 78720K, reserved 1179648K
  class space    used 9171K, committed 9728K, reserved 1048576K
}
Event: 81.379 GC heap before
{Heap before GC invocations=1844 (full 41):
 PSYoungGen      total 111104K, used 111094K [0x00000000eab00000, 0x00000000f5a80000, 0x0000000100000000)
  eden space 63488K, 100% used [0x00000000eab00000,0x00000000ee900000,0x00000000ee900000)
  from space 47616K, 99% used [0x00000000ee900000,0x00000000f177dab0,0x00000000f1780000)
  to   space 55808K, 0% used [0x00000000f2400000,0x00000000f2400000,0x00000000f5a80000)
 ParOldGen       total 346624K, used 293670K [0x00000000c0000000, 0x00000000d5280000, 0x00000000eab00000)
  object space 346624K, 84% used [0x00000000c0000000,0x00000000d1ec9b48,0x00000000d5280000)
 Metaspace       used 77494K, committed 78720K, reserved 1179648K
  class space    used 9171K, committed 9728K, reserved 1048576K
}
Event: 81.396 GC heap after
{Heap after GC invocations=1844 (full 41):
 PSYoungGen      total 70656K, used 2838K [0x00000000eab00000, 0x00000000f2700000, 0x0000000100000000)
  eden space 67584K, 0% used [0x00000000eab00000,0x00000000eab00000,0x00000000eed00000)
  from space 3072K, 92% used [0x00000000f2400000,0x00000000f26c5808,0x00000000f2700000)
  to   space 22016K, 0% used [0x00000000efc00000,0x00000000efc00000,0x00000000f1180000)
 ParOldGen       total 346624K, used 330430K [0x00000000c0000000, 0x00000000d5280000, 0x00000000eab00000)
  object space 346624K, 95% used [0x00000000c0000000,0x00000000d42af910,0x00000000d5280000)
 Metaspace       used 77494K, committed 78720K, reserved 1179648K
  class space    used 9171K, committed 9728K, reserved 1048576K
}
Event: 81.396 GC heap before
{Heap before GC invocations=1845 (full 42):
 PSYoungGen      total 70656K, used 2838K [0x00000000eab00000, 0x00000000f2700000, 0x0000000100000000)
  eden space 67584K, 0% used [0x00000000eab00000,0x00000000eab00000,0x00000000eed00000)
  from space 3072K, 92% used [0x00000000f2400000,0x00000000f26c5808,0x00000000f2700000)
  to   space 22016K, 0% used [0x00000000efc00000,0x00000000efc00000,0x00000000f1180000)
 ParOldGen       total 346624K, used 330430K [0x00000000c0000000, 0x00000000d5280000, 0x00000000eab00000)
  object space 346624K, 95% used [0x00000000c0000000,0x00000000d42af910,0x00000000d5280000)
 Metaspace       used 77494K, committed 78720K, reserved 1179648K
  class space    used 9171K, committed 9728K, reserved 1048576K
}
Event: 81.448 GC heap after
{Heap after GC invocations=1845 (full 42):
 PSYoungGen      total 73216K, used 0K [0x00000000eab00000, 0x00000000f2480000, 0x0000000100000000)
  eden space 72704K, 0% used [0x00000000eab00000,0x00000000eab00000,0x00000000ef200000)
  from space 512K, 0% used [0x00000000efc00000,0x00000000efc00000,0x00000000efc80000)
  to   space 22016K, 0% used [0x00000000f0f00000,0x00000000f0f00000,0x00000000f2480000)
 ParOldGen       total 139264K, used 55172K [0x00000000c0000000, 0x00000000c8800000, 0x00000000eab00000)
  object space 139264K, 39% used [0x00000000c0000000,0x00000000c35e12f0,0x00000000c8800000)
 Metaspace       used 77494K, committed 78720K, reserved 1179648K
  class space    used 9171K, committed 9728K, reserved 1048576K
}
Event: 81.797 GC heap before
{Heap before GC invocations=1846 (full 42):
 PSYoungGen      total 73216K, used 72704K [0x00000000eab00000, 0x00000000f2480000, 0x0000000100000000)
  eden space 72704K, 100% used [0x00000000eab00000,0x00000000ef200000,0x00000000ef200000)
  from space 512K, 0% used [0x00000000efc00000,0x00000000efc00000,0x00000000efc80000)
  to   space 22016K, 0% used [0x00000000f0f00000,0x00000000f0f00000,0x00000000f2480000)
 ParOldGen       total 139264K, used 55172K [0x00000000c0000000, 0x00000000c8800000, 0x00000000eab00000)
  object space 139264K, 39% used [0x00000000c0000000,0x00000000c35e12f0,0x00000000c8800000)
 Metaspace       used 77496K, committed 78720K, reserved 1179648K
  class space    used 9171K, committed 9728K, reserved 1048576K
}
Event: 81.800 GC heap after
{Heap after GC invocations=1846 (full 42):
 PSYoungGen      total 75776K, used 4856K [0x00000000eab00000, 0x00000000f1400000, 0x0000000100000000)
  eden space 70656K, 0% used [0x00000000eab00000,0x00000000eab00000,0x00000000ef000000)
  from space 5120K, 94% used [0x00000000f0f00000,0x00000000f13be010,0x00000000f1400000)
  to   space 7680K, 0% used [0x00000000f0500000,0x00000000f0500000,0x00000000f0c80000)
 ParOldGen       total 139264K, used 55172K [0x00000000c0000000, 0x00000000c8800000, 0x00000000eab00000)
  object space 139264K, 39% used [0x00000000c0000000,0x00000000c35e12f0,0x00000000c8800000)
 Metaspace       used 77496K, committed 78720K, reserved 1179648K
  class space    used 9171K, committed 9728K, reserved 1048576K
}
Event: 81.962 GC heap before
{Heap before GC invocations=1847 (full 42):
 PSYoungGen      total 75776K, used 75512K [0x00000000eab00000, 0x00000000f1400000, 0x0000000100000000)
  eden space 70656K, 100% used [0x00000000eab00000,0x00000000ef000000,0x00000000ef000000)
  from space 5120K, 94% used [0x00000000f0f00000,0x00000000f13be010,0x00000000f1400000)
  to   space 7680K, 0% used [0x00000000f0500000,0x00000000f0500000,0x00000000f0c80000)
 ParOldGen       total 139264K, used 55172K [0x00000000c0000000, 0x00000000c8800000, 0x00000000eab00000)
  object space 139264K, 39% used [0x00000000c0000000,0x00000000c35e12f0,0x00000000c8800000)
 Metaspace       used 77496K, committed 78720K, reserved 1179648K
  class space    used 9171K, committed 9728K, reserved 1048576K
}
Event: 81.964 GC heap after
{Heap after GC invocations=1847 (full 42):
 PSYoungGen      total 75264K, used 6328K [0x00000000eab00000, 0x00000000f0f80000, 0x0000000100000000)
  eden space 68608K, 0% used [0x00000000eab00000,0x00000000eab00000,0x00000000eee00000)
  from space 6656K, 95% used [0x00000000f0500000,0x00000000f0b2e010,0x00000000f0b80000)
  to   space 4096K, 0% used [0x00000000f0b80000,0x00000000f0b80000,0x00000000f0f80000)
 ParOldGen       total 139264K, used 55172K [0x00000000c0000000, 0x00000000c8800000, 0x00000000eab00000)
  object space 139264K, 39% used [0x00000000c0000000,0x00000000c35e12f0,0x00000000c8800000)
 Metaspace       used 77496K, committed 78720K, reserved 1179648K
  class space    used 9171K, committed 9728K, reserved 1048576K
}
Event: 82.139 GC heap before
{Heap before GC invocations=1848 (full 42):
 PSYoungGen      total 75264K, used 74936K [0x00000000eab00000, 0x00000000f0f80000, 0x0000000100000000)
  eden space 68608K, 100% used [0x00000000eab00000,0x00000000eee00000,0x00000000eee00000)
  from space 6656K, 95% used [0x00000000f0500000,0x00000000f0b2e010,0x00000000f0b80000)
  to   space 4096K, 0% used [0x00000000f0b80000,0x00000000f0b80000,0x00000000f0f80000)
 ParOldGen       total 139264K, used 55172K [0x00000000c0000000, 0x00000000c8800000, 0x00000000eab00000)
  object space 139264K, 39% used [0x00000000c0000000,0x00000000c35e12f0,0x00000000c8800000)
 Metaspace       used 77498K, committed 78720K, reserved 1179648K
  class space    used 9171K, committed 9728K, reserved 1048576K
}
Event: 82.141 GC heap after
{Heap after GC invocations=1848 (full 42):
 PSYoungGen      total 70656K, used 4088K [0x00000000eab00000, 0x00000000f0f80000, 0x0000000100000000)
  eden space 66560K, 0% used [0x00000000eab00000,0x00000000eab00000,0x00000000eec00000)
  from space 4096K, 99% used [0x00000000f0b80000,0x00000000f0f7e010,0x00000000f0f80000)
  to   space 8192K, 0% used [0x00000000eff80000,0x00000000eff80000,0x00000000f0780000)
 ParOldGen       total 139264K, used 58561K [0x00000000c0000000, 0x00000000c8800000, 0x00000000eab00000)
  object space 139264K, 42% used [0x00000000c0000000,0x00000000c3930478,0x00000000c8800000)
 Metaspace       used 77498K, committed 78720K, reserved 1179648K
  class space    used 9171K, committed 9728K, reserved 1048576K
}
Event: 82.461 GC heap before
{Heap before GC invocations=1849 (full 42):
 PSYoungGen      total 70656K, used 70648K [0x00000000eab00000, 0x00000000f0f80000, 0x0000000100000000)
  eden space 66560K, 100% used [0x00000000eab00000,0x00000000eec00000,0x00000000eec00000)
  from space 4096K, 99% used [0x00000000f0b80000,0x00000000f0f7e010,0x00000000f0f80000)
  to   space 8192K, 0% used [0x00000000eff80000,0x00000000eff80000,0x00000000f0780000)
 ParOldGen       total 139264K, used 58561K [0x00000000c0000000, 0x00000000c8800000, 0x00000000eab00000)
  object space 139264K, 42% used [0x00000000c0000000,0x00000000c3930478,0x00000000c8800000)
 Metaspace       used 77527K, committed 78720K, reserved 1179648K
  class space    used 9173K, committed 9728K, reserved 1048576K
}
Event: 82.464 GC heap after
{Heap after GC invocations=1849 (full 42):
 PSYoungGen      total 73216K, used 8188K [0x00000000eab00000, 0x00000000f0c00000, 0x0000000100000000)
  eden space 65024K, 0% used [0x00000000eab00000,0x00000000eab00000,0x00000000eea80000)
  from space 8192K, 99% used [0x00000000eff80000,0x00000000f077f368,0x00000000f0780000)
  to   space 4608K, 0% used [0x00000000f0780000,0x00000000f0780000,0x00000000f0c00000)
 ParOldGen       total 139264K, used 59344K [0x00000000c0000000, 0x00000000c8800000, 0x00000000eab00000)
  object space 139264K, 42% used [0x00000000c0000000,0x00000000c39f40c0,0x00000000c8800000)
 Metaspace       used 77527K, committed 78720K, reserved 1179648K
  class space    used 9173K, committed 9728K, reserved 1048576K
}
Event: 83.296 GC heap before
{Heap before GC invocations=1850 (full 42):
 PSYoungGen      total 73216K, used 73212K [0x00000000eab00000, 0x00000000f0c00000, 0x0000000100000000)
  eden space 65024K, 100% used [0x00000000eab00000,0x00000000eea80000,0x00000000eea80000)
  from space 8192K, 99% used [0x00000000eff80000,0x00000000f077f368,0x00000000f0780000)
  to   space 4608K, 0% used [0x00000000f0780000,0x00000000f0780000,0x00000000f0c00000)
 ParOldGen       total 139264K, used 59344K [0x00000000c0000000, 0x00000000c8800000, 0x00000000eab00000)
  object space 139264K, 42% used [0x00000000c0000000,0x00000000c39f40c0,0x00000000c8800000)
 Metaspace       used 77549K, committed 78784K, reserved 1179648K
  class space    used 9173K, committed 9728K, reserved 1048576K
}
Event: 83.303 GC heap after
{Heap after GC invocations=1850 (full 42):
 PSYoungGen      total 68096K, used 4590K [0x00000000eab00000, 0x00000000f1f00000, 0x0000000100000000)
  eden space 63488K, 0% used [0x00000000eab00000,0x00000000eab00000,0x00000000ee900000)
  from space 4608K, 99% used [0x00000000f0780000,0x00000000f0bfbbb8,0x00000000f0c00000)
  to   space 27648K, 0% used [0x00000000ee900000,0x00000000ee900000,0x00000000f0400000)
 ParOldGen       total 139264K, used 79511K [0x00000000c0000000, 0x00000000c8800000, 0x00000000eab00000)
  object space 139264K, 57% used [0x00000000c0000000,0x00000000c4da5e08,0x00000000c8800000)
 Metaspace       used 77549K, committed 78784K, reserved 1179648K
  class space    used 9173K, committed 9728K, reserved 1048576K
}
Event: 83.666 GC heap before
{Heap before GC invocations=1851 (full 42):
 PSYoungGen      total 68096K, used 68078K [0x00000000eab00000, 0x00000000f1f00000, 0x0000000100000000)
  eden space 63488K, 100% used [0x00000000eab00000,0x00000000ee900000,0x00000000ee900000)
  from space 4608K, 99% used [0x00000000f0780000,0x00000000f0bfbbb8,0x00000000f0c00000)
  to   space 27648K, 0% used [0x00000000ee900000,0x00000000ee900000,0x00000000f0400000)
 ParOldGen       total 139264K, used 79511K [0x00000000c0000000, 0x00000000c8800000, 0x00000000eab00000)
  object space 139264K, 57% used [0x00000000c0000000,0x00000000c4da5e08,0x00000000c8800000)
 Metaspace       used 77550K, committed 78784K, reserved 1179648K
  class space    used 9173K, committed 9728K, reserved 1048576K
}
Event: 83.674 GC heap after
{Heap after GC invocations=1851 (full 42):
 PSYoungGen      total 82944K, used 20493K [0x00000000eab00000, 0x00000000f1280000, 0x0000000100000000)
  eden space 61952K, 0% used [0x00000000eab00000,0x00000000eab00000,0x00000000ee780000)
  from space 20992K, 97% used [0x00000000ee900000,0x00000000efd03408,0x00000000efd80000)
  to   space 21504K, 0% used [0x00000000efd80000,0x00000000efd80000,0x00000000f1280000)
 ParOldGen       total 139264K, used 80159K [0x00000000c0000000, 0x00000000c8800000, 0x00000000eab00000)
  object space 139264K, 57% used [0x00000000c0000000,0x00000000c4e47e08,0x00000000c8800000)
 Metaspace       used 77550K, committed 78784K, reserved 1179648K
  class space    used 9173K, committed 9728K, reserved 1048576K
}

Dll operation events (14 events):
Event: 0.008 Loaded shared library c:\Users\somes\.vscode\extensions\redhat.java-1.25.1-win32-x64\jre\17.0.9-win32-x86_64\bin\java.dll
Event: 0.126 Loaded shared library c:\Users\somes\.vscode\extensions\redhat.java-1.25.1-win32-x64\jre\17.0.9-win32-x86_64\bin\zip.dll
Event: 0.128 Loaded shared library C:\Users\somes\.vscode\extensions\redhat.java-1.25.1-win32-x64\jre\17.0.9-win32-x86_64\bin\instrument.dll
Event: 0.138 Loaded shared library C:\Users\somes\.vscode\extensions\redhat.java-1.25.1-win32-x64\jre\17.0.9-win32-x86_64\bin\net.dll
Event: 0.139 Loaded shared library C:\Users\somes\.vscode\extensions\redhat.java-1.25.1-win32-x64\jre\17.0.9-win32-x86_64\bin\nio.dll
Event: 0.145 Loaded shared library C:\Users\somes\.vscode\extensions\redhat.java-1.25.1-win32-x64\jre\17.0.9-win32-x86_64\bin\zip.dll
Event: 0.160 Loaded shared library C:\Users\somes\.vscode\extensions\redhat.java-1.25.1-win32-x64\jre\17.0.9-win32-x86_64\bin\jimage.dll
Event: 0.199 Loaded shared library c:\Users\somes\.vscode\extensions\redhat.java-1.25.1-win32-x64\jre\17.0.9-win32-x86_64\bin\verify.dll
Event: 0.930 Loaded shared library C:\Users\somes\AppData\Roaming\Code\User\globalStorage\redhat.java\1.25.1\config_win\org.eclipse.equinox.launcher\org.eclipse.equinox.launcher.win32.win32.x86_64_1.2.800.v20231003-1442\eclipse_11802.dll
Event: 3.010 Loaded shared library C:\Users\somes\AppData\Local\Temp\jna-109619711\jna1116880664521800732.dll
Event: 5.778 Loaded shared library C:\Users\somes\.gradle\native\68d5fa5c4cc2d200863cafc0d521ce42e7d3e7ee720ec0a83991735586a16f82\windows-amd64\native-platform.dll
Event: 7.041 Loaded shared library C:\Users\somes\.vscode\extensions\redhat.java-1.25.1-win32-x64\jre\17.0.9-win32-x86_64\bin\management.dll
Event: 7.044 Loaded shared library C:\Users\somes\.vscode\extensions\redhat.java-1.25.1-win32-x64\jre\17.0.9-win32-x86_64\bin\management_ext.dll
Event: 12.347 Loaded shared library C:\Users\somes\.vscode\extensions\redhat.java-1.25.1-win32-x64\jre\17.0.9-win32-x86_64\bin\sunmscapi.dll

Deoptimization events (20 events):
Event: 305.085 Thread 0x0000017a8511dd20 Uncommon trap: trap_request=0xffffffc6 fr.pc=0x0000017af44464a8 relative=0x0000000000001208
Event: 305.085 Thread 0x0000017a8511dd20 Uncommon trap: reason=bimorphic_or_optimized_type_check action=maybe_recompile pc=0x0000017af44464a8 method=java.io.DataOutputStream.write([BII)V @ 7 c2
Event: 305.085 Thread 0x0000017a8511dd20 DEOPT PACKING pc=0x0000017af44464a8 sp=0x00000054d2afed40
Event: 305.085 Thread 0x0000017a8511dd20 DEOPT UNPACKING pc=0x0000017af3c866a3 sp=0x00000054d2afec90 mode 2
Event: 305.085 Thread 0x0000017a8511dd20 Uncommon trap: trap_request=0xffffffc6 fr.pc=0x0000017af44464a8 relative=0x0000000000001208
Event: 305.085 Thread 0x0000017a8511dd20 Uncommon trap: reason=bimorphic_or_optimized_type_check action=maybe_recompile pc=0x0000017af44464a8 method=java.io.DataOutputStream.write([BII)V @ 7 c2
Event: 305.085 Thread 0x0000017a8511dd20 DEOPT PACKING pc=0x0000017af44464a8 sp=0x00000054d2afee00
Event: 305.085 Thread 0x0000017a8511dd20 DEOPT UNPACKING pc=0x0000017af3c866a3 sp=0x00000054d2afed50 mode 2
Event: 305.086 Thread 0x0000017a8511dd20 Uncommon trap: trap_request=0xffffff45 fr.pc=0x0000017af43c01d0 relative=0x00000000000001b0
Event: 305.086 Thread 0x0000017a8511dd20 Uncommon trap: reason=unstable_if action=reinterpret pc=0x0000017af43c01d0 method=jdk.internal.org.objectweb.asm.Frame.push(I)V @ 26 c2
Event: 305.086 Thread 0x0000017a8511dd20 DEOPT PACKING pc=0x0000017af43c01d0 sp=0x00000054d2afd610
Event: 305.086 Thread 0x0000017a8511dd20 DEOPT UNPACKING pc=0x0000017af3c866a3 sp=0x00000054d2afd598 mode 2
Event: 553.753 Thread 0x0000017a85119130 Uncommon trap: trap_request=0xffffff45 fr.pc=0x0000017af429bc1c relative=0x00000000000002fc
Event: 553.753 Thread 0x0000017a85119130 Uncommon trap: reason=unstable_if action=reinterpret pc=0x0000017af429bc1c method=java.util.HashMap$HashIterator.<init>(Ljava/util/HashMap;)V @ 45 c2
Event: 553.753 Thread 0x0000017a85119130 DEOPT PACKING pc=0x0000017af429bc1c sp=0x00000054d28fec60
Event: 553.753 Thread 0x0000017a85119130 DEOPT UNPACKING pc=0x0000017af3c866a3 sp=0x00000054d28feb28 mode 2
Event: 553.920 Thread 0x0000017a84ffe8d0 Uncommon trap: trap_request=0xffffff45 fr.pc=0x0000017af43babc0 relative=0x0000000000000500
Event: 553.920 Thread 0x0000017a84ffe8d0 Uncommon trap: reason=unstable_if action=reinterpret pc=0x0000017af43babc0 method=java.util.HashMap$HashIterator.<init>(Ljava/util/HashMap;)V @ 45 c2
Event: 553.920 Thread 0x0000017a84ffe8d0 DEOPT PACKING pc=0x0000017af43babc0 sp=0x00000054d23fed60
Event: 553.920 Thread 0x0000017a84ffe8d0 DEOPT UNPACKING pc=0x0000017af3c866a3 sp=0x00000054d23febc8 mode 2

Classes unloaded (8 events):
Event: 3.060 Thread 0x0000017afd8f98b0 Unloading class 0x0000000100254000 'java/lang/invoke/LambdaForm$MH+0x0000000100254000'
Event: 3.060 Thread 0x0000017afd8f98b0 Unloading class 0x0000000100253c00 'java/lang/invoke/LambdaForm$MH+0x0000000100253c00'
Event: 3.060 Thread 0x0000017afd8f98b0 Unloading class 0x0000000100253800 'java/lang/invoke/LambdaForm$MH+0x0000000100253800'
Event: 3.060 Thread 0x0000017afd8f98b0 Unloading class 0x0000000100253400 'java/lang/invoke/LambdaForm$MH+0x0000000100253400'
Event: 3.060 Thread 0x0000017afd8f98b0 Unloading class 0x0000000100253000 'java/lang/invoke/LambdaForm$BMH+0x0000000100253000'
Event: 3.060 Thread 0x0000017afd8f98b0 Unloading class 0x0000000100252c00 'java/lang/invoke/LambdaForm$DMH+0x0000000100252c00'
Event: 3.060 Thread 0x0000017afd8f98b0 Unloading class 0x0000000100250000 'java/lang/invoke/LambdaForm$DMH+0x0000000100250000'
Event: 35.886 Thread 0x0000017afd8f98b0 Unloading class 0x0000000100718000 'java/lang/invoke/LambdaForm$DMH+0x0000000100718000'

Classes redefined (0 events):
No events

Internal exceptions (20 events):
Event: 83.715 Thread 0x0000017a84fff800 Exception <a 'java/lang/NullPointerException'{0x00000000eaf46ac8}> (0x00000000eaf46ac8) 
thrown [s\src\hotspot\share\interpreter\linkResolver.cpp, line 1350]
Event: 83.715 Thread 0x0000017a84fff800 Exception <a 'java/lang/NullPointerException'{0x00000000eaf470d8}> (0x00000000eaf470d8) 
thrown [s\src\hotspot\share\interpreter\linkResolver.cpp, line 1350]
Event: 83.715 Thread 0x0000017a84fff800 Exception <a 'java/lang/NullPointerException'{0x00000000eaf48ef8}> (0x00000000eaf48ef8) 
thrown [s\src\hotspot\share\interpreter\linkResolver.cpp, line 1350]
Event: 83.715 Thread 0x0000017a84fff800 Exception <a 'java/lang/NullPointerException'{0x00000000eaf4a278}> (0x00000000eaf4a278) 
thrown [s\src\hotspot\share\interpreter\linkResolver.cpp, line 1350]
Event: 83.716 Thread 0x0000017a84fff800 Exception <a 'java/lang/NullPointerException'{0x00000000eaf4cf58}> (0x00000000eaf4cf58) 
thrown [s\src\hotspot\share\interpreter\linkResolver.cpp, line 1350]
Event: 83.720 Thread 0x0000017a84fff800 Implicit null exception at 0x0000017af47c7cb7 to 0x0000017af47c8d78
Event: 83.723 Thread 0x0000017a84fff800 Exception <a 'java/lang/NullPointerException'{0x00000000eafbdbc8}> (0x00000000eafbdbc8) 
thrown [s\src\hotspot\share\interpreter\linkResolver.cpp, line 1350]
Event: 83.723 Thread 0x0000017a84fff800 Exception <a 'java/lang/NullPointerException'{0x00000000eafbe260}> (0x00000000eafbe260) 
thrown [s\src\hotspot\share\interpreter\linkResolver.cpp, line 1350]
Event: 83.723 Thread 0x0000017a84fff800 Exception <a 'java/lang/NullPointerException'{0x00000000eafbe830}> (0x00000000eafbe830) 
thrown [s\src\hotspot\share\interpreter\linkResolver.cpp, line 1350]
Event: 83.723 Thread 0x0000017a84fff800 Exception <a 'java/lang/NullPointerException'{0x00000000eafbeda0}> (0x00000000eafbeda0) 
thrown [s\src\hotspot\share\interpreter\linkResolver.cpp, line 1350]
Event: 83.723 Thread 0x0000017a84fff800 Exception <a 'java/lang/NullPointerException'{0x00000000eafbf3b8}> (0x00000000eafbf3b8) 
thrown [s\src\hotspot\share\interpreter\linkResolver.cpp, line 1350]
Event: 83.723 Thread 0x0000017a84fff800 Exception <a 'java/lang/NullPointerException'{0x00000000eafbf9c8}> (0x00000000eafbf9c8) 
thrown [s\src\hotspot\share\interpreter\linkResolver.cpp, line 1350]
Event: 83.724 Thread 0x0000017a84fff800 Exception <a 'java/lang/NullPointerException'{0x00000000eafc2290}> (0x00000000eafc2290) 
thrown [s\src\hotspot\share\interpreter\linkResolver.cpp, line 1350]
Event: 83.724 Thread 0x0000017a84fff800 Exception <a 'java/lang/NullPointerException'{0x00000000eafc3830}> (0x00000000eafc3830) 
thrown [s\src\hotspot\share\interpreter\linkResolver.cpp, line 1350]
Event: 83.725 Thread 0x0000017a84fff800 Exception <a 'java/lang/NullPointerException'{0x00000000eafc7688}> (0x00000000eafc7688) 
thrown [s\src\hotspot\share\interpreter\linkResolver.cpp, line 1350]
Event: 83.730 Thread 0x0000017a84fff800 Implicit null exception at 0x0000017af4712ca0 to 0x0000017af47136f0
Event: 305.075 Thread 0x0000017a8511dd20 Implicit null exception at 0x0000017af4714ae0 to 0x0000017af4714e6c
Event: 305.086 Thread 0x0000017a8511dd20 Exception <a 'java/lang/NoSuchMethodError'{0x00000000eb362110}: 'java.lang.Object java.lang.invoke.DirectMethodHandle$Holder.newInvokeSpecial(java.lang.Object, java.lang.Object, java.lang.Object, java.lang.Object, java.lang.Object, java.lang.Object, java.lang.Object, java.lang.Object)'> (0x00000000eb362110) 
thrown [s\src\hotspot\share\interpreter\linkResolver.cpp, line 759]
Event: 305.087 Thread 0x0000017a8511dd20 Exception <a 'java/lang/NoSuchMethodError'{0x00000000eb368468}: 'java.lang.Object java.lang.invoke.DirectMethodHandle$Holder.invokeSpecial(java.lang.Object, java.lang.Object, java.lang.Object, java.lang.Object, java.lang.Object, java.lang.Object, java.lang.Object, java.lang.Object, java.lang.Object)'> (0x00000000eb368468) 
thrown [s\src\hotspot\share\interpreter\linkResolver.cpp, line 759]
Event: 305.087 Thread 0x0000017a8511dd20 Exception <a 'java/lang/NoSuchMethodError'{0x00000000eb36e0c0}: 'java.lang.Object java.lang.invoke.Invokers$Holder.linkToTargetMethod(java.lang.Object, java.lang.Object, java.lang.Object, java.lang.Object, java.lang.Object, java.lang.Object, java.lang.Object, java.lang.Object)'> (0x00000000eb36e0c0) 
thrown [s\src\hotspot\share\interpreter\linkResolver.cpp, line 759]

VM Operations (20 events):
Event: 305.094 Executing VM operation: HandshakeAllThreads
Event: 305.094 Executing VM operation: HandshakeAllThreads done
Event: 307.096 Executing VM operation: Cleanup
Event: 307.096 Executing VM operation: Cleanup done
Event: 360.731 Executing VM operation: HandshakeAllThreads
Event: 360.731 Executing VM operation: HandshakeAllThreads done
Event: 420.942 Executing VM operation: HandshakeAllThreads
Event: 420.942 Executing VM operation: HandshakeAllThreads done
Event: 481.171 Executing VM operation: HandshakeAllThreads
Event: 481.171 Executing VM operation: HandshakeAllThreads done
Event: 554.647 Executing VM operation: Cleanup
Event: 554.647 Executing VM operation: Cleanup done
Event: 601.439 Executing VM operation: HandshakeAllThreads
Event: 601.439 Executing VM operation: HandshakeAllThreads done
Event: 664.844 Executing VM operation: Cleanup
Event: 664.845 Executing VM operation: Cleanup done
Event: 691.865 Executing VM operation: Cleanup
Event: 691.865 Executing VM operation: Cleanup done
Event: 721.871 Executing VM operation: HandshakeAllThreads
Event: 721.871 Executing VM operation: HandshakeAllThreads done

Events (20 events):
Event: 305.078 loading class java/util/stream/AbstractTask done
Event: 305.078 loading class java/util/stream/Nodes$CollectorTask done
Event: 305.078 loading class java/util/stream/Nodes$CollectorTask$OfRef done
Event: 305.078 loading class java/util/function/LongFunction
Event: 305.078 loading class java/util/function/LongFunction done
Event: 305.078 loading class java/util/stream/Nodes$ConcNode
Event: 305.078 loading class java/util/stream/Nodes$AbstractConcNode
Event: 305.078 loading class java/util/stream/Nodes$AbstractConcNode done
Event: 305.078 loading class java/util/stream/Nodes$ConcNode done
Event: 305.078 Thread 0x0000017a91181fb0 Thread added: 0x0000017a91181fb0
Event: 305.079 Thread 0x0000017a91182ee0 Thread added: 0x0000017a91182ee0
Event: 305.079 loading class java/util/stream/Nodes$ToArrayTask$OfRef
Event: 305.079 loading class java/util/stream/Nodes$ToArrayTask
Event: 305.079 loading class java/util/stream/Nodes$ToArrayTask done
Event: 305.079 loading class java/util/stream/Nodes$ToArrayTask$OfRef done
Event: 305.079 Thread 0x0000017a91185c70 Thread exited: 0x0000017a91185c70
Event: 305.079 Thread 0x0000017a91182ee0 Thread exited: 0x0000017a91182ee0
Event: 305.079 Thread 0x0000017a91181fb0 Thread exited: 0x0000017a91181fb0
Event: 305.093 Thread 0x0000017a8806db50 Thread added: 0x0000017a8806db50
Event: 310.221 Thread 0x0000017a8806db50 Thread exited: 0x0000017a8806db50


Dynamic libraries:
0x00007ff771c60000 - 0x00007ff771c6e000 	c:\Users\somes\.vscode\extensions\redhat.java-1.25.1-win32-x64\jre\17.0.9-win32-x86_64\bin\java.exe
0x00007ffe297e0000 - 0x00007ffe299e9000 	C:\WINDOWS\SYSTEM32\ntdll.dll
0x00007ffe294b0000 - 0x00007ffe2956d000 	C:\WINDOWS\System32\KERNEL32.DLL
0x00007ffe27060000 - 0x00007ffe273e4000 	C:\WINDOWS\System32\KERNELBASE.dll
0x00007ffe27510000 - 0x00007ffe27621000 	C:\WINDOWS\System32\ucrtbase.dll
0x00007ffe205d0000 - 0x00007ffe205e7000 	c:\Users\somes\.vscode\extensions\redhat.java-1.25.1-win32-x64\jre\17.0.9-win32-x86_64\bin\jli.dll
0x00007ffe1b890000 - 0x00007ffe1b8ab000 	c:\Users\somes\.vscode\extensions\redhat.java-1.25.1-win32-x64\jre\17.0.9-win32-x86_64\bin\VCRUNTIME140.dll
0x00007ffe27f90000 - 0x00007ffe2813d000 	C:\WINDOWS\System32\USER32.dll
0x00007ffe26e00000 - 0x00007ffe26e26000 	C:\WINDOWS\System32\win32u.dll
0x00007ffe00a50000 - 0x00007ffe00cf5000 	C:\WINDOWS\WinSxS\amd64_microsoft.windows.common-controls_6595b64144ccf1df_6.0.22000.120_none_9d947278b86cc467\COMCTL32.dll
0x00007ffe27630000 - 0x00007ffe2765a000 	C:\WINDOWS\System32\GDI32.dll
0x00007ffe29040000 - 0x00007ffe290e3000 	C:\WINDOWS\System32\msvcrt.dll
0x00007ffe273f0000 - 0x00007ffe2750e000 	C:\WINDOWS\System32\gdi32full.dll
0x00007ffe26d60000 - 0x00007ffe26dfd000 	C:\WINDOWS\System32\msvcp_win.dll
0x00007ffe29620000 - 0x00007ffe29651000 	C:\WINDOWS\System32\IMM32.DLL
0x00007ffe22c70000 - 0x00007ffe22c7c000 	c:\Users\somes\.vscode\extensions\redhat.java-1.25.1-win32-x64\jre\17.0.9-win32-x86_64\bin\vcruntime140_1.dll
0x00007ffe15a00000 - 0x00007ffe15a8d000 	c:\Users\somes\.vscode\extensions\redhat.java-1.25.1-win32-x64\jre\17.0.9-win32-x86_64\bin\msvcp140.dll
0x00007ffdb4110000 - 0x00007ffdb4d71000 	c:\Users\somes\.vscode\extensions\redhat.java-1.25.1-win32-x64\jre\17.0.9-win32-x86_64\bin\server\jvm.dll
0x00007ffe29570000 - 0x00007ffe2961e000 	C:\WINDOWS\System32\ADVAPI32.dll
0x00007ffe292b0000 - 0x00007ffe2934e000 	C:\WINDOWS\System32\sechost.dll
0x00007ffe28990000 - 0x00007ffe28ab1000 	C:\WINDOWS\System32\RPCRT4.dll
0x00007ffe25ec0000 - 0x00007ffe25f0d000 	C:\WINDOWS\SYSTEM32\POWRPROF.dll
0x00007ffe0ac90000 - 0x00007ffe0ac99000 	C:\WINDOWS\SYSTEM32\WSOCK32.dll
0x00007ffe28b50000 - 0x00007ffe28bbf000 	C:\WINDOWS\System32\WS2_32.dll
0x00007ffe20510000 - 0x00007ffe20543000 	C:\WINDOWS\SYSTEM32\WINMM.dll
0x00007ffe1f4d0000 - 0x00007ffe1f4da000 	C:\WINDOWS\SYSTEM32\VERSION.dll
0x00007ffe25ea0000 - 0x00007ffe25eb3000 	C:\WINDOWS\SYSTEM32\UMPDC.dll
0x00007ffe25d10000 - 0x00007ffe25d28000 	C:\WINDOWS\SYSTEM32\kernel.appcore.dll
0x00007ffe21e80000 - 0x00007ffe21e8a000 	c:\Users\somes\.vscode\extensions\redhat.java-1.25.1-win32-x64\jre\17.0.9-win32-x86_64\bin\jimage.dll
0x00007ffe24880000 - 0x00007ffe24aa1000 	C:\WINDOWS\SYSTEM32\DBGHELP.DLL
0x00007ffe0abb0000 - 0x00007ffe0abe1000 	C:\WINDOWS\SYSTEM32\dbgcore.DLL
0x00007ffe26c70000 - 0x00007ffe26cef000 	C:\WINDOWS\System32\bcryptPrimitives.dll
0x00007ffe21e60000 - 0x00007ffe21e6e000 	c:\Users\somes\.vscode\extensions\redhat.java-1.25.1-win32-x64\jre\17.0.9-win32-x86_64\bin\instrument.dll
0x00007ffe16860000 - 0x00007ffe16885000 	c:\Users\somes\.vscode\extensions\redhat.java-1.25.1-win32-x64\jre\17.0.9-win32-x86_64\bin\java.dll
0x00007ffe177a0000 - 0x00007ffe177b8000 	c:\Users\somes\.vscode\extensions\redhat.java-1.25.1-win32-x64\jre\17.0.9-win32-x86_64\bin\zip.dll
0x00007ffe27670000 - 0x00007ffe27e35000 	C:\WINDOWS\System32\SHELL32.dll
0x00007ffe24d00000 - 0x00007ffe25562000 	C:\WINDOWS\SYSTEM32\windows.storage.dll
0x00007ffe28250000 - 0x00007ffe285c6000 	C:\WINDOWS\System32\combase.dll
0x00007ffe24b90000 - 0x00007ffe24cf7000 	C:\WINDOWS\SYSTEM32\wintypes.dll
0x00007ffe29350000 - 0x00007ffe2943a000 	C:\WINDOWS\System32\SHCORE.dll
0x00007ffe28150000 - 0x00007ffe281ad000 	C:\WINDOWS\System32\shlwapi.dll
0x00007ffe26ba0000 - 0x00007ffe26bc5000 	C:\WINDOWS\SYSTEM32\profapi.dll
0x00007ffe16b80000 - 0x00007ffe16b99000 	C:\Users\somes\.vscode\extensions\redhat.java-1.25.1-win32-x64\jre\17.0.9-win32-x86_64\bin\net.dll
0x00007ffe203f0000 - 0x00007ffe20504000 	C:\WINDOWS\SYSTEM32\WINHTTP.dll
0x00007ffe26240000 - 0x00007ffe262a7000 	C:\WINDOWS\system32\mswsock.dll
0x00007ffe16980000 - 0x00007ffe16996000 	C:\Users\somes\.vscode\extensions\redhat.java-1.25.1-win32-x64\jre\17.0.9-win32-x86_64\bin\nio.dll
0x00007ffe21e30000 - 0x00007ffe21e40000 	c:\Users\somes\.vscode\extensions\redhat.java-1.25.1-win32-x64\jre\17.0.9-win32-x86_64\bin\verify.dll
0x00007ffe16710000 - 0x00007ffe1674e000 	C:\Users\somes\AppData\Roaming\Code\User\globalStorage\redhat.java\1.25.1\config_win\org.eclipse.equinox.launcher\org.eclipse.equinox.launcher.win32.win32.x86_64_1.2.800.v20231003-1442\eclipse_11802.dll
0x00007ffe28740000 - 0x00007ffe288da000 	C:\WINDOWS\System32\ole32.dll
0x00007ffe264b0000 - 0x00007ffe264c8000 	C:\WINDOWS\SYSTEM32\CRYPTSP.dll
0x00007ffe25c70000 - 0x00007ffe25ca5000 	C:\WINDOWS\system32\rsaenh.dll
0x00007ffe26310000 - 0x00007ffe2633c000 	C:\WINDOWS\SYSTEM32\USERENV.dll
0x00007ffe26640000 - 0x00007ffe26667000 	C:\WINDOWS\SYSTEM32\bcrypt.dll
0x00007ffe264a0000 - 0x00007ffe264ac000 	C:\WINDOWS\SYSTEM32\CRYPTBASE.dll
0x00007ffe257c0000 - 0x00007ffe257ed000 	C:\WINDOWS\SYSTEM32\IPHLPAPI.DLL
0x00007ffe28240000 - 0x00007ffe28249000 	C:\WINDOWS\System32\NSI.dll
0x00007ffe20000000 - 0x00007ffe20019000 	C:\WINDOWS\SYSTEM32\dhcpcsvc6.DLL
0x00007ffe208b0000 - 0x00007ffe208ce000 	C:\WINDOWS\SYSTEM32\dhcpcsvc.DLL
0x00007ffe25830000 - 0x00007ffe25917000 	C:\WINDOWS\SYSTEM32\DNSAPI.dll
0x00007ffe16640000 - 0x00007ffe16685000 	C:\Users\somes\AppData\Local\Temp\jna-109619711\jna1116880664521800732.dll
0x00007ffe28140000 - 0x00007ffe28148000 	C:\WINDOWS\System32\PSAPI.DLL
0x00007ffe166e0000 - 0x00007ffe16707000 	C:\Users\somes\.gradle\native\68d5fa5c4cc2d200863cafc0d521ce42e7d3e7ee720ec0a83991735586a16f82\windows-amd64\native-platform.dll
0x00007ffe21280000 - 0x00007ffe21289000 	C:\Users\somes\.vscode\extensions\redhat.java-1.25.1-win32-x64\jre\17.0.9-win32-x86_64\bin\management.dll
0x00007ffe205a0000 - 0x00007ffe205ab000 	C:\Users\somes\.vscode\extensions\redhat.java-1.25.1-win32-x64\jre\17.0.9-win32-x86_64\bin\management_ext.dll
0x00007ffe16600000 - 0x00007ffe1660e000 	C:\Users\somes\.vscode\extensions\redhat.java-1.25.1-win32-x64\jre\17.0.9-win32-x86_64\bin\sunmscapi.dll
0x00007ffe26e30000 - 0x00007ffe26f92000 	C:\WINDOWS\System32\CRYPT32.dll
0x00007ffe26610000 - 0x00007ffe26638000 	C:\WINDOWS\SYSTEM32\ncrypt.dll
0x00007ffe265d0000 - 0x00007ffe26607000 	C:\WINDOWS\SYSTEM32\NTASN1.dll
0x00007ffe16540000 - 0x00007ffe16548000 	C:\WINDOWS\system32\wshunix.dll

dbghelp: loaded successfully - version: 4.0.5 - missing functions: none
symbol engine: initialized successfully - sym options: 0x614 - pdb path: .;c:\Users\somes\.vscode\extensions\redhat.java-1.25.1-win32-x64\jre\17.0.9-win32-x86_64\bin;C:\WINDOWS\SYSTEM32;C:\WINDOWS\WinSxS\amd64_microsoft.windows.common-controls_6595b64144ccf1df_6.0.22000.120_none_9d947278b86cc467;c:\Users\somes\.vscode\extensions\redhat.java-1.25.1-win32-x64\jre\17.0.9-win32-x86_64\bin\server;C:\Users\somes\AppData\Roaming\Code\User\globalStorage\redhat.java\1.25.1\config_win\org.eclipse.equinox.launcher\org.eclipse.equinox.launcher.win32.win32.x86_64_1.2.800.v20231003-1442;C:\Users\somes\AppData\Local\Temp\jna-109619711;C:\Users\somes\.gradle\native\68d5fa5c4cc2d200863cafc0d521ce42e7d3e7ee720ec0a83991735586a16f82\windows-amd64

VM Arguments:
jvm_args: --add-modules=ALL-SYSTEM --add-opens=java.base/java.util=ALL-UNNAMED --add-opens=java.base/java.lang=ALL-UNNAMED --add-opens=java.base/sun.nio.fs=ALL-UNNAMED -Declipse.application=org.eclipse.jdt.ls.core.id1 -Dosgi.bundles.defaultStartLevel=4 -Declipse.product=org.eclipse.jdt.ls.core.product -Djava.import.generatesMetadataFilesAtProjectRoot=false -DDetectVMInstallationsJob.disabled=true -Dfile.encoding=utf8 -XX:+UseParallelGC -XX:GCTimeRatio=4 -XX:AdaptiveSizePolicyWeight=90 -Dsun.zip.disableMemoryMapping=true -Xmx1G -Xms100m -Xlog:disable -javaagent:c:\Users\somes\.vscode\extensions\redhat.java-1.25.1-win32-x64\lombok\lombok-1.18.30.jar -XX:+HeapDumpOnOutOfMemoryError -XX:HeapDumpPath=c:\Users\somes\AppData\Roaming\Code\User\workspaceStorage\e6bd27114a99af07f61920531480b2fe\redhat.java -Daether.dependencyCollector.impl=bf 
java_command: c:\Users\somes\.vscode\extensions\redhat.java-1.25.1-win32-x64\server\plugins\org.eclipse.equinox.launcher_1.6.600.v20231106-1826.jar -configuration c:\Users\somes\AppData\Roaming\Code\User\globalStorage\redhat.java\1.25.1\config_win -data c:\Users\somes\AppData\Roaming\Code\User\workspaceStorage\e6bd27114a99af07f61920531480b2fe\redhat.java\jdt_ws --stdio
java_class_path (initial): c:\Users\somes\.vscode\extensions\redhat.java-1.25.1-win32-x64\server\plugins\org.eclipse.equinox.launcher_1.6.600.v20231106-1826.jar
Launcher Type: SUN_STANDARD

[Global flags]
    uintx AdaptiveSizePolicyWeight                 = 90                                        {product} {command line}
     intx CICompilerCount                          = 4                                         {product} {ergonomic}
    uintx GCTimeRatio                              = 4                                         {product} {command line}
     bool HeapDumpOnOutOfMemoryError               = true                                   {manageable} {command line}
    ccstr HeapDumpPath                             = c:\Users\somes\AppData\Roaming\Code\User\workspaceStorage\e6bd27114a99af07f61920531480b2fe\redhat.java         {manageable} {command line}
   size_t InitialHeapSize                          = 104857600                                 {product} {command line}
   size_t MaxHeapSize                              = 1073741824                                {product} {command line}
   size_t MaxNewSize                               = 357564416                                 {product} {ergonomic}
   size_t MinHeapDeltaBytes                        = 524288                                    {product} {ergonomic}
   size_t MinHeapSize                              = 104857600                                 {product} {command line}
   size_t NewSize                                  = 34603008                                  {product} {ergonomic}
    uintx NonNMethodCodeHeapSize                   = 5839372                                {pd product} {ergonomic}
    uintx NonProfiledCodeHeapSize                  = 122909434                              {pd product} {ergonomic}
   size_t OldSize                                  = 70254592                                  {product} {ergonomic}
    uintx ProfiledCodeHeapSize                     = 122909434                              {pd product} {ergonomic}
    uintx ReservedCodeCacheSize                    = 251658240                              {pd product} {ergonomic}
     bool SegmentedCodeCache                       = true                                      {product} {ergonomic}
   size_t SoftMaxHeapSize                          = 1073741824                             {manageable} {ergonomic}
     bool UseCompressedClassPointers               = true                           {product lp64_product} {ergonomic}
     bool UseCompressedOops                        = true                           {product lp64_product} {ergonomic}
     bool UseLargePagesIndividualAllocation        = false                                  {pd product} {ergonomic}
     bool UseParallelGC                            = true                                      {product} {command line}

Logging:
Log output configuration:
 #0: stdout all=off uptime,level,tags
 #1: stderr all=off uptime,level,tags

Environment Variables:
JAVA_HOME=D:\programs\java\
CLASSPATH=?D:\study\sem 6\jp2\practice\db\mysql-connector.jar;.;D:\programs\xampp\tomcat\lib\servlet-api.jar;D:\programs\cpp\MinGW\bin;
PATH=C:\Program Files\Common Files\Oracle\Java\javapath;D:\programs\java\bin;C:\Program Files (x86)\Intel\Intel(R) Management Engine Components\iCLS\;C:\Program Files\Intel\Intel(R) Management Engine Components\iCLS\;C:\Windows\system32;C:\Windows;C:\Windows\System32\Wbem;C:\Windows\System32\WindowsPowerShell\v1.0\;C:\Windows\System32\OpenSSH\;C:\Program Files (x86)\NVIDIA Corporation\PhysX\Common;C:\Program Files (x86)\Intel\Intel(R) Management Engine Components\DAL;C:\Program Files\Intel\Intel(R) Management Engine Components\DAL;C:\Program Files (x86)\Intel\Intel(R) Management Engine Components\IPT;C:\Program Files\Intel\Intel(R) Management Engine Components\IPT;C:\Program Files\Intel\WiFi\bin\;C:\Program Files\Common Files\Intel\WirelessCommon\;C:\WINDOWS\system32;C:\WINDOWS;C:\WINDOWS\System32\Wbem;C:\WINDOWS\System32\WindowsPowerShell\v1.0\;C:\WINDOWS\System32\OpenSSH\;C:\ProgramData\chocolatey\bin;D:\programs\Git\cmd;C:\Users\somes\AppData\Local\Android\Sdk\platform-tools;D:\programs\cmake\bin;D:\programs\microchip\bin;D:\programs\gcc\bin;D:\programs\XAMPP\php;C:\ProgramData\ComposerSetup\bin;D:\Docker\resources\bin;D:\programs\python\Scripts;D:\programs\nodejs\;D:\programs\python\Scripts\;D:\programs\python\;C:\Program Files\Java\jdk1.8.0_202\bin;D:\programs\java\bin;C:\Program Files (x86)\Intel\Intel(R) Management Engine Components\iCLS\;C:\Program Files\Intel\Intel(R) Management Engine Components\iCLS\;C:\Windows\system32;C:\Windows;C:\Windows\System32\Wbem;C:\Windows\System32\WindowsPowerShell\v1.0\;C:\Windows\System32\OpenSSH\;C:\Program Files (x86)\NVIDIA Corporation\PhysX\Common;C:\Program Files (x86)\Intel\Intel(R) Management Engine Components\DAL;C:\Program Files\Intel\Intel(R) Management Engine Components\DAL;C:\Program Files (x86)\Intel\Intel(R) Management Engine Components\IPT;C:\Program Files\Intel\Intel(R) Management Engine Components\IPT;C:\Program Files\Intel\WiFi\bin\;C:\Program Files\Common Files\Intel\WirelessCommon\;C:\WINDOWS\system32;C:\WIND
USERNAME=somes
OS=Windows_NT
PROCESSOR_IDENTIFIER=Intel64 Family 6 Model 158 Stepping 10, GenuineIntel
TMP=C:\Users\somes\AppData\Local\Temp
TEMP=C:\Users\somes\AppData\Local\Temp



Periodic native trim disabled


---------------  S Y S T E M  ---------------

OS:
 Windows 11 , 64 bit Build 22000 (10.0.22000.2538)
OS uptime: 1 days 22:05 hours
Hyper-V role detected

CPU: total 8 (initial active 8) (4 cores per cpu, 2 threads per core) family 6 model 158 stepping 10 microcode 0xf0, cx8, cmov, fxsr, ht, mmx, 3dnowpref, sse, sse2, sse3, ssse3, sse4.1, sse4.2, popcnt, lzcnt, tsc, tscinvbit, avx, avx2, aes, erms, clmul, bmi1, bmi2, adx, fma, vzeroupper, clflush, clflushopt, hv
Processor Information for all 8 processors :
  Max Mhz: 2304, Current Mhz: 2304, Mhz Limit: 2304

Memory: 4k page, system-wide physical 16243M (1881M free)
TotalPageFile size 18675M (AvailPageFile size 0M)
current process WorkingSet (physical memory assigned to process): 468M, peak: 700M
current process commit charge ("private bytes"): 495M, peak: 791M

vm_info: OpenJDK 64-Bit Server VM (17.0.9+9) for windows-amd64 JRE (17.0.9+9), built on Oct 26 2023 14:01:42 by "admin" with MS VC++ 16.10 / 16.11 (VS2019)

END.
